mode: atomic
github.com/dharma-zt/dharma-zt/pkg/identity/tpm.go:38.73,40.2 1 0
github.com/dharma-zt/dharma-zt/pkg/identity/tpm.go:42.101,44.2 1 0
github.com/dharma-zt/dharma-zt/pkg/identity/tpm.go:59.136,60.18 1 3
github.com/dharma-zt/dharma-zt/pkg/identity/tpm.go:60.18,62.3 1 0
github.com/dharma-zt/dharma-zt/pkg/identity/tpm.go:63.2,70.3 1 3
github.com/dharma-zt/dharma-zt/pkg/identity/tpm.go:73.54,77.16 4 1
github.com/dharma-zt/dharma-zt/pkg/identity/tpm.go:77.16,80.3 2 0
github.com/dharma-zt/dharma-zt/pkg/identity/tpm.go:83.2,83.29 1 1
github.com/dharma-zt/dharma-zt/pkg/identity/tpm.go:83.29,85.17 2 2
github.com/dharma-zt/dharma-zt/pkg/identity/tpm.go:85.17,87.4 1 0
github.com/dharma-zt/dharma-zt/pkg/identity/tpm.go:88.3,88.34 1 2
github.com/dharma-zt/dharma-zt/pkg/identity/tpm.go:92.2,95.12 3 1
github.com/dharma-zt/dharma-zt/pkg/identity/tpm.go:98.74,109.2 6 1
github.com/dharma-zt/dharma-zt/pkg/identity/tpm.go:111.70,115.24 3 2
github.com/dharma-zt/dharma-zt/pkg/identity/tpm.go:115.24,117.3 1 1
github.com/dharma-zt/dharma-zt/pkg/identity/tpm.go:120.2,120.29 1 1
github.com/dharma-zt/dharma-zt/pkg/identity/tpm.go:120.29,122.17 2 2
github.com/dharma-zt/dharma-zt/pkg/identity/tpm.go:122.17,124.4 1 0
github.com/dharma-zt/dharma-zt/pkg/identity/tpm.go:125.3,125.55 1 2
github.com/dharma-zt/dharma-zt/pkg/identity/tpm.go:125.55,127.4 1 0
github.com/dharma-zt/dharma-zt/pkg/identity/tpm.go:130.2,132.21 3 1
github.com/dharma-zt/dharma-zt/pkg/identity/tpm.go:135.77,139.22 3 0
github.com/dharma-zt/dharma-zt/pkg/identity/tpm.go:139.22,141.3 1 0
github.com/dharma-zt/dharma-zt/pkg/identity/tpm.go:146.2,152.16 3 0
github.com/dharma-zt/dharma-zt/pkg/identity/tpm.go:152.16,156.3 1 0
github.com/dharma-zt/dharma-zt/pkg/identity/tpm.go:160.2,160.20 1 0
github.com/dharma-zt/dharma-zt/pkg/identity/tpm.go:160.20,162.3 1 0
github.com/dharma-zt/dharma-zt/pkg/identity/tpm.go:165.2,165.55 1 0
github.com/dharma-zt/dharma-zt/pkg/identity/tpm.go:168.97,173.23 1 0
github.com/dharma-zt/dharma-zt/pkg/identity/tpm.go:173.23,175.3 1 0
github.com/dharma-zt/dharma-zt/pkg/identity/tpm.go:177.2,189.20 5 0
github.com/dharma-zt/dharma-zt/pkg/identity/tpm.go:189.20,191.3 1 0
github.com/dharma-zt/dharma-zt/pkg/identity/tpm.go:193.2,197.19 4 0
github.com/dharma-zt/dharma-zt/pkg/identity/tpm.go:200.93,204.22 3 0
github.com/dharma-zt/dharma-zt/pkg/identity/tpm.go:204.22,206.3 1 0
github.com/dharma-zt/dharma-zt/pkg/identity/tpm.go:208.2,221.16 3 0
github.com/dharma-zt/dharma-zt/pkg/identity/tpm.go:221.16,223.3 1 0
github.com/dharma-zt/dharma-zt/pkg/identity/tpm.go:225.2,225.19 1 0
github.com/dharma-zt/dharma-zt/pkg/identity/tpm.go:228.57,235.24 4 3
github.com/dharma-zt/dharma-zt/pkg/identity/tpm.go:235.24,236.41 1 2
github.com/dharma-zt/dharma-zt/pkg/identity/tpm.go:236.41,238.4 1 22
github.com/dharma-zt/dharma-zt/pkg/identity/tpm.go:239.3,239.41 1 2
github.com/dharma-zt/dharma-zt/pkg/identity/tpm.go:239.41,241.4 1 22
github.com/dharma-zt/dharma-zt/pkg/identity/tpm.go:242.3,242.51 1 2
github.com/dharma-zt/dharma-zt/pkg/identity/tpm.go:242.51,244.4 1 0
github.com/dharma-zt/dharma-zt/pkg/identity/tpm.go:245.3,245.20 1 2
github.com/dharma-zt/dharma-zt/pkg/identity/tpm.go:248.2,248.27 1 3
github.com/dharma-zt/dharma-zt/pkg/identity/tpm.go:248.27,249.44 1 1
github.com/dharma-zt/dharma-zt/pkg/identity/tpm.go:249.44,251.4 1 9
github.com/dharma-zt/dharma-zt/pkg/identity/tpm.go:252.3,252.44 1 1
github.com/dharma-zt/dharma-zt/pkg/identity/tpm.go:252.44,254.4 1 9
github.com/dharma-zt/dharma-zt/pkg/identity/tpm.go:255.3,255.54 1 1
github.com/dharma-zt/dharma-zt/pkg/identity/tpm.go:255.54,257.4 1 0
github.com/dharma-zt/dharma-zt/pkg/identity/tpm.go:258.3,258.23 1 1
github.com/dharma-zt/dharma-zt/pkg/identity/tpm.go:261.2,261.22 1 3
github.com/dharma-zt/dharma-zt/pkg/identity/tpm.go:261.22,262.43 1 1
github.com/dharma-zt/dharma-zt/pkg/identity/tpm.go:262.43,264.4 1 0
github.com/dharma-zt/dharma-zt/pkg/identity/tpm.go:267.2,267.12 1 3
github.com/dharma-zt/dharma-zt/pkg/identity/tpm.go:270.80,272.42 2 0
github.com/dharma-zt/dharma-zt/pkg/identity/tpm.go:272.42,274.3 1 0
github.com/dharma-zt/dharma-zt/pkg/identity/tpm.go:275.2,276.17 2 0
github.com/dharma-zt/dharma-zt/pkg/identity/tpm.go:279.55,283.6 3 1
github.com/dharma-zt/dharma-zt/pkg/identity/tpm.go:283.6,284.10 1 1
github.com/dharma-zt/dharma-zt/pkg/identity/tpm.go:285.21,286.10 1 1
github.com/dharma-zt/dharma-zt/pkg/identity/tpm.go:287.19,288.40 1 0
github.com/dharma-zt/dharma-zt/pkg/identity/tpm.go:288.40,292.5 3 0
github.com/dharma-zt/dharma-zt/pkg/identity/tpm.go:297.40,301.22 3 0
github.com/dharma-zt/dharma-zt/pkg/identity/tpm.go:301.22,303.3 1 0
github.com/dharma-zt/dharma-zt/pkg/identity/tpm.go:305.2,305.29 1 0
github.com/dharma-zt/dharma-zt/pkg/identity/tpm.go:305.29,307.17 2 0
github.com/dharma-zt/dharma-zt/pkg/identity/tpm.go:307.17,309.4 1 0
github.com/dharma-zt/dharma-zt/pkg/identity/tpm.go:310.3,310.55 1 0
github.com/dharma-zt/dharma-zt/pkg/identity/tpm.go:310.55,312.4 1 0
github.com/dharma-zt/dharma-zt/pkg/identity/tpm.go:314.2,314.12 1 0
github.com/dharma-zt/dharma-zt/pkg/identity/tpm.go:317.59,326.2 2 1
